<?xml version="1.0" encoding="UTF-8"?>
<!-- Generated by org.testng.reporters.JUnitReportReporter -->
<testsuite skipped="0" hostname="CB_IN-L-026" name="com.mvnpro.MvnJava.Browser1" tests="1" failures="0" timestamp="2020-07-17T17:44:51 IST" time="16.273" errors="0">
  <testcase name="launchfirefox" time="16.273" classname="com.mvnpro.MvnJava.Browser1"/>
  <system-out/>
</testsuite> <!-- com.mvnpro.MvnJava.Browser1 -->
