<?xml version="1.0" encoding="UTF-8"?>
<!-- Generated by org.testng.reporters.JUnitReportReporter -->
<testsuite skipped="0" hostname="CB_IN-L-026" name="com.mvnpro.MvnJava.Deb" tests="1" failures="0" timestamp="2020-07-17T17:41:43 IST" time="22.410" errors="0">
  <testcase name="launchfirefox" time="22.410" classname="com.mvnpro.MvnJava.Deb"/>
  <system-out/>
</testsuite> <!-- com.mvnpro.MvnJava.Deb -->
